Authorization required, but no authorization protocol specified


(waybar:4625): Gtk-WARNING **: 16:22:38.106: cannot open display: :0
Authorization required, but no authorization protocol specified


(waybar:4636): Gtk-WARNING **: 16:22:40.121: cannot open display: :0
[2025-07-04 16:22:53.016] [info] Using configuration file /home/alex/.config/waybar/config.jsonc
[2025-07-04 16:22:53.020] [info] Unable to receive desktop appearance: GDBus.Error:org.freedesktop.DBus.Error.UnknownMethod: Ingen sådan grænseflade “org.freedesktop.portal.Settings” på objektet ved stien /org/freedesktop/portal/desktop
[2025-07-04 16:22:53.020] [info] Using CSS file /home/alex/.config/waybar/style.css
[2025-07-04 16:22:53.030] [info] Hyprland IPC starting
[2025-07-04 16:22:53.031] [info] Loading persistent workspaces from Waybar config
[2025-07-04 16:22:53.031] [info] Loading persistent workspaces from Hyprland workspace rules
[2025-07-04 16:22:53.211] [info] Bar configured (width: 1920, height: 50) for output: eDP-1

(waybar:4722): Gtk-WARNING **: 16:22:56.001: cannot open display: 
[2025-07-04 16:23:02.023] [info] Using configuration file /home/alex/.config/waybar/config.jsonc
[2025-07-04 16:23:02.027] [info] Unable to receive desktop appearance: GDBus.Error:org.freedesktop.DBus.Error.UnknownMethod: Ingen sådan grænseflade “org.freedesktop.portal.Settings” på objektet ved stien /org/freedesktop/portal/desktop
[2025-07-04 16:23:02.027] [info] Using CSS file /home/alex/.config/waybar/style.css
[2025-07-04 16:23:02.037] [info] Hyprland IPC starting
[2025-07-04 16:23:02.038] [info] Loading persistent workspaces from Waybar config
[2025-07-04 16:23:02.038] [info] Loading persistent workspaces from Hyprland workspace rules
[2025-07-04 16:23:02.211] [info] Bar configured (width: 1920, height: 50) for output: eDP-1

(waybar:4819): Gtk-WARNING **: 16:23:11.964: cannot open display: 

(waybar:4866): Gtk-WARNING **: 16:23:27.852: cannot open display: 

(waybar:4908): Gtk-WARNING **: 16:23:43.736: cannot open display: 

(waybar:4955): Gtk-WARNING **: 16:23:59.617: cannot open display: 

(waybar:5001): Gtk-WARNING **: 16:24:15.524: cannot open display: 

(waybar:5047): Gtk-WARNING **: 16:24:31.403: cannot open display: 

(waybar:5099): Gtk-WARNING **: 16:24:47.286: cannot open display: 
